Starting up http-server, serving /home/garrett/.adt/dis-viewer/ACEV/dist/ACEV
Available on:
  http://127.0.0.1:8080
  http://192.168.100.65:8080
  http://172.17.0.1:8080
Hit CTRL-C to stop the server
[Mon Nov 11 2019 09:49:17 GMT-0800 (Pacific Standard Time)] "GET /" "Mozilla/5.0 (X11; Ubuntu; Linux x86_64; rv:70.0) Gecko/20100101 Firefox/70.0"
[Mon Nov 11 2019 09:49:17 GMT-0800 (Pacific Standard Time)] "GET /polyfills-es2015.js" "Mozilla/5.0 (X11; Ubuntu; Linux x86_64; rv:70.0) Gecko/20100101 Firefox/70.0"
[Mon Nov 11 2019 09:49:17 GMT-0800 (Pacific Standard Time)] "GET /styles-es2015.js" "Mozilla/5.0 (X11; Ubuntu; Linux x86_64; rv:70.0) Gecko/20100101 Firefox/70.0"
[Mon Nov 11 2019 09:49:17 GMT-0800 (Pacific Standard Time)] "GET /scripts.js" "Mozilla/5.0 (X11; Ubuntu; Linux x86_64; rv:70.0) Gecko/20100101 Firefox/70.0"
[Mon Nov 11 2019 09:49:17 GMT-0800 (Pacific Standard Time)] "GET /runtime-es2015.js" "Mozilla/5.0 (X11; Ubuntu; Linux x86_64; rv:70.0) Gecko/20100101 Firefox/70.0"
[Mon Nov 11 2019 09:49:17 GMT-0800 (Pacific Standard Time)] "GET /main-es2015.js" "Mozilla/5.0 (X11; Ubuntu; Linux x86_64; rv:70.0) Gecko/20100101 Firefox/70.0"
[Mon Nov 11 2019 09:49:17 GMT-0800 (Pacific Standard Time)] "GET /vendor-es2015.js" "Mozilla/5.0 (X11; Ubuntu; Linux x86_64; rv:70.0) Gecko/20100101 Firefox/70.0"
[Mon Nov 11 2019 09:49:18 GMT-0800 (Pacific Standard Time)] "GET /assets/tilesets/global-tiles/tilemapresource.xml" "Mozilla/5.0 (X11; Ubuntu; Linux x86_64; rv:70.0) Gecko/20100101 Firefox/70.0"
[Mon Nov 11 2019 09:49:18 GMT-0800 (Pacific Standard Time)] "GET /assets/cesium/Assets/approximateTerrainHeights.json" "Mozilla/5.0 (X11; Ubuntu; Linux x86_64; rv:70.0) Gecko/20100101 Firefox/70.0"
[Mon Nov 11 2019 09:49:18 GMT-0800 (Pacific Standard Time)] "GET /assets/cesium/Widgets/Images/NavigationHelp/Mouse.svg" "Mozilla/5.0 (X11; Ubuntu; Linux x86_64; rv:70.0) Gecko/20100101 Firefox/70.0"
[Mon Nov 11 2019 09:49:18 GMT-0800 (Pacific Standard Time)] "GET /assets/cesium/Widgets/Images/NavigationHelp/Touch.svg" "Mozilla/5.0 (X11; Ubuntu; Linux x86_64; rv:70.0) Gecko/20100101 Firefox/70.0"
[Mon Nov 11 2019 09:49:18 GMT-0800 (Pacific Standard Time)] "GET /assets/cesium/Widgets/Images/NavigationHelp/MouseLeft.svg" "Mozilla/5.0 (X11; Ubuntu; Linux x86_64; rv:70.0) Gecko/20100101 Firefox/70.0"
[Mon Nov 11 2019 09:49:18 GMT-0800 (Pacific Standard Time)] "GET /assets/cesium/Widgets/Images/NavigationHelp/MouseRight.svg" "Mozilla/5.0 (X11; Ubuntu; Linux x86_64; rv:70.0) Gecko/20100101 Firefox/70.0"
[Mon Nov 11 2019 09:49:18 GMT-0800 (Pacific Standard Time)] "GET /assets/cesium/Widgets/Images/NavigationHelp/MouseMiddle.svg" "Mozilla/5.0 (X11; Ubuntu; Linux x86_64; rv:70.0) Gecko/20100101 Firefox/70.0"
[Mon Nov 11 2019 09:49:18 GMT-0800 (Pacific Standard Time)] "GET /assets/cesium/Widgets/Images/NavigationHelp/TouchDrag.svg" "Mozilla/5.0 (X11; Ubuntu; Linux x86_64; rv:70.0) Gecko/20100101 Firefox/70.0"
[Mon Nov 11 2019 09:49:18 GMT-0800 (Pacific Standard Time)] "GET /assets/cesium/Widgets/Images/NavigationHelp/TouchZoom.svg" "Mozilla/5.0 (X11; Ubuntu; Linux x86_64; rv:70.0) Gecko/20100101 Firefox/70.0"
[Mon Nov 11 2019 09:49:18 GMT-0800 (Pacific Standard Time)] "GET /assets/cesium/Widgets/Images/NavigationHelp/TouchTilt.svg" "Mozilla/5.0 (X11; Ubuntu; Linux x86_64; rv:70.0) Gecko/20100101 Firefox/70.0"
[Mon Nov 11 2019 09:49:18 GMT-0800 (Pacific Standard Time)] "GET /assets/cesium/Widgets/Images/NavigationHelp/TouchRotate.svg" "Mozilla/5.0 (X11; Ubuntu; Linux x86_64; rv:70.0) Gecko/20100101 Firefox/70.0"
[Mon Nov 11 2019 09:49:18 GMT-0800 (Pacific Standard Time)] "GET /assets/cesium/Assets/IAU2006_XYS/IAU2006_XYS_16.json" "Mozilla/5.0 (X11; Ubuntu; Linux x86_64; rv:70.0) Gecko/20100101 Firefox/70.0"
[Mon Nov 11 2019 09:49:18 GMT-0800 (Pacific Standard Time)] "GET /assets/cesium/Widgets/InfoBox/InfoBoxDescription.css" "Mozilla/5.0 (X11; Ubuntu; Linux x86_64; rv:70.0) Gecko/20100101 Firefox/70.0"
[Mon Nov 11 2019 09:49:19 GMT-0800 (Pacific Standard Time)] "GET /assets/models/F_15.glb" "Mozilla/5.0 (X11; Ubuntu; Linux x86_64; rv:70.0) Gecko/20100101 Firefox/70.0"
[Mon Nov 11 2019 09:49:19 GMT-0800 (Pacific Standard Time)] "GET /assets/cesium/Workers/cesiumWorkerBootstrapper.js" "Mozilla/5.0 (X11; Ubuntu; Linux x86_64; rv:70.0) Gecko/20100101 Firefox/70.0"
[Mon Nov 11 2019 09:49:19 GMT-0800 (Pacific Standard Time)] "GET /assets/cesium/Workers/transferTypedArrayTest.js" "Mozilla/5.0 (X11; Ubuntu; Linux x86_64; rv:70.0) Gecko/20100101 Firefox/70.0"
[Mon Nov 11 2019 09:49:19 GMT-0800 (Pacific Standard Time)] "GET /assets/cesium/Workers/createVerticesFromHeightmap.js" "Mozilla/5.0 (X11; Ubuntu; Linux x86_64; rv:70.0) Gecko/20100101 Firefox/70.0"
[Mon Nov 11 2019 09:49:20 GMT-0800 (Pacific Standard Time)] "GET /assets/cesium/Workers/createGeometry.js" "Mozilla/5.0 (X11; Ubuntu; Linux x86_64; rv:70.0) Gecko/20100101 Firefox/70.0"
[Mon Nov 11 2019 09:49:20 GMT-0800 (Pacific Standard Time)] "GET /assets/tilesets/global-tiles/1/0/1.png" "Mozilla/5.0 (X11; Ubuntu; Linux x86_64; rv:70.0) Gecko/20100101 Firefox/70.0"
[Mon Nov 11 2019 09:49:20 GMT-0800 (Pacific Standard Time)] "GET /assets/tilesets/global-tiles/1/0/0.png" "Mozilla/5.0 (X11; Ubuntu; Linux x86_64; rv:70.0) Gecko/20100101 Firefox/70.0"
[Mon Nov 11 2019 09:49:20 GMT-0800 (Pacific Standard Time)] "GET /assets/cesium/Workers/createEllipseOutlineGeometry.js" "Mozilla/5.0 (X11; Ubuntu; Linux x86_64; rv:70.0) Gecko/20100101 Firefox/70.0"
[Mon Nov 11 2019 09:49:20 GMT-0800 (Pacific Standard Time)] "GET /assets/tilesets/global-tiles/1/1/1.png" "Mozilla/5.0 (X11; Ubuntu; Linux x86_64; rv:70.0) Gecko/20100101 Firefox/70.0"
[Mon Nov 11 2019 09:49:20 GMT-0800 (Pacific Standard Time)] "GET /assets/tilesets/global-tiles/1/1/0.png" "Mozilla/5.0 (X11; Ubuntu; Linux x86_64; rv:70.0) Gecko/20100101 Firefox/70.0"
[Mon Nov 11 2019 09:49:21 GMT-0800 (Pacific Standard Time)] "GET /assets/cesium/Workers/combineGeometry.js" "Mozilla/5.0 (X11; Ubuntu; Linux x86_64; rv:70.0) Gecko/20100101 Firefox/70.0"
[Mon Nov 11 2019 09:49:23 GMT-0800 (Pacific Standard Time)] "GET /assets/tilesets/global-tiles/2/0/3.png" "Mozilla/5.0 (X11; Ubuntu; Linux x86_64; rv:70.0) Gecko/20100101 Firefox/70.0"
[Mon Nov 11 2019 09:49:23 GMT-0800 (Pacific Standard Time)] "GET /assets/tilesets/global-tiles/2/0/2.png" "Mozilla/5.0 (X11; Ubuntu; Linux x86_64; rv:70.0) Gecko/20100101 Firefox/70.0"
[Mon Nov 11 2019 09:49:24 GMT-0800 (Pacific Standard Time)] "GET /assets/tilesets/global-tiles/3/0/5.png" "Mozilla/5.0 (X11; Ubuntu; Linux x86_64; rv:70.0) Gecko/20100101 Firefox/70.0"
[Mon Nov 11 2019 09:49:24 GMT-0800 (Pacific Standard Time)] "GET /assets/tilesets/global-tiles/3/0/4.png" "Mozilla/5.0 (X11; Ubuntu; Linux x86_64; rv:70.0) Gecko/20100101 Firefox/70.0"
[Mon Nov 11 2019 09:49:25 GMT-0800 (Pacific Standard Time)] "GET /assets/tilesets/global-tiles/5/2/17.png" "Mozilla/5.0 (X11; Ubuntu; Linux x86_64; rv:70.0) Gecko/20100101 Firefox/70.0"
[Mon Nov 11 2019 09:49:25 GMT-0800 (Pacific Standard Time)] "GET /assets/tilesets/global-tiles/5/2/18.png" "Mozilla/5.0 (X11; Ubuntu; Linux x86_64; rv:70.0) Gecko/20100101 Firefox/70.0"
[Mon Nov 11 2019 09:49:26 GMT-0800 (Pacific Standard Time)] "GET /assets/tilesets/global-tiles/5/1/17.png" "Mozilla/5.0 (X11; Ubuntu; Linux x86_64; rv:70.0) Gecko/20100101 Firefox/70.0"
[Mon Nov 11 2019 09:49:27 GMT-0800 (Pacific Standard Time)] "GET /assets/tilesets/global-tiles/4/1/9.png" "Mozilla/5.0 (X11; Ubuntu; Linux x86_64; rv:70.0) Gecko/20100101 Firefox/70.0"
[Mon Nov 11 2019 09:49:27 GMT-0800 (Pacific Standard Time)] "GET /assets/tilesets/global-tiles/4/1/8.png" "Mozilla/5.0 (X11; Ubuntu; Linux x86_64; rv:70.0) Gecko/20100101 Firefox/70.0"
[Mon Nov 11 2019 09:49:28 GMT-0800 (Pacific Standard Time)] "GET /assets/tilesets/global-tiles/5/1/18.png" "Mozilla/5.0 (X11; Ubuntu; Linux x86_64; rv:70.0) Gecko/20100101 Firefox/70.0"
[Mon Nov 11 2019 09:49:28 GMT-0800 (Pacific Standard Time)] "GET /assets/tilesets/global-tiles/5/1/19.png" "Mozilla/5.0 (X11; Ubuntu; Linux x86_64; rv:70.0) Gecko/20100101 Firefox/70.0"
[Mon Nov 11 2019 09:49:29 GMT-0800 (Pacific Standard Time)] "GET /assets/tilesets/global-tiles/5/2/19.png" "Mozilla/5.0 (X11; Ubuntu; Linux x86_64; rv:70.0) Gecko/20100101 Firefox/70.0"
[Mon Nov 11 2019 09:49:29 GMT-0800 (Pacific Standard Time)] "GET /assets/tilesets/global-tiles/4/1/10.png" "Mozilla/5.0 (X11; Ubuntu; Linux x86_64; rv:70.0) Gecko/20100101 Firefox/70.0"
[Mon Nov 11 2019 09:49:29 GMT-0800 (Pacific Standard Time)] "GET /assets/tilesets/global-tiles/4/0/9.png" "Mozilla/5.0 (X11; Ubuntu; Linux x86_64; rv:70.0) Gecko/20100101 Firefox/70.0"
[Mon Nov 11 2019 09:49:29 GMT-0800 (Pacific Standard Time)] "GET /assets/tilesets/global-tiles/4/0/8.png" "Mozilla/5.0 (X11; Ubuntu; Linux x86_64; rv:70.0) Gecko/20100101 Firefox/70.0"
[Mon Nov 11 2019 09:49:29 GMT-0800 (Pacific Standard Time)] "GET /assets/tilesets/global-tiles/4/0/10.png" "Mozilla/5.0 (X11; Ubuntu; Linux x86_64; rv:70.0) Gecko/20100101 Firefox/70.0"
[Mon Nov 11 2019 09:49:55 GMT-0800 (Pacific Standard Time)] "GET /assets/tilesets/global-tiles/5/0/18.png" "Mozilla/5.0 (X11; Ubuntu; Linux x86_64; rv:70.0) Gecko/20100101 Firefox/70.0"
[Mon Nov 11 2019 09:49:55 GMT-0800 (Pacific Standard Time)] "GET /assets/tilesets/global-tiles/5/0/17.png" "Mozilla/5.0 (X11; Ubuntu; Linux x86_64; rv:70.0) Gecko/20100101 Firefox/70.0"
[Mon Nov 11 2019 09:49:55 GMT-0800 (Pacific Standard Time)] "GET /assets/tilesets/global-tiles/5/3/18.png" "Mozilla/5.0 (X11; Ubuntu; Linux x86_64; rv:70.0) Gecko/20100101 Firefox/70.0"
[Mon Nov 11 2019 09:49:55 GMT-0800 (Pacific Standard Time)] "GET /assets/tilesets/global-tiles/5/3/17.png" "Mozilla/5.0 (X11; Ubuntu; Linux x86_64; rv:70.0) Gecko/20100101 Firefox/70.0"
[Mon Nov 11 2019 09:49:56 GMT-0800 (Pacific Standard Time)] "GET /assets/tilesets/global-tiles/5/0/19.png" "Mozilla/5.0 (X11; Ubuntu; Linux x86_64; rv:70.0) Gecko/20100101 Firefox/70.0"
[Mon Nov 11 2019 09:49:56 GMT-0800 (Pacific Standard Time)] "GET /assets/tilesets/global-tiles/5/3/19.png" "Mozilla/5.0 (X11; Ubuntu; Linux x86_64; rv:70.0) Gecko/20100101 Firefox/70.0"
[Mon Nov 11 2019 09:51:27 GMT-0800 (Pacific Standard Time)] "GET /" "Mozilla/5.0 (X11; Ubuntu; Linux x86_64; rv:70.0) Gecko/20100101 Firefox/70.0"
[Mon Nov 11 2019 09:51:27 GMT-0800 (Pacific Standard Time)] "GET /scripts.js" "Mozilla/5.0 (X11; Ubuntu; Linux x86_64; rv:70.0) Gecko/20100101 Firefox/70.0"
[Mon Nov 11 2019 09:51:27 GMT-0800 (Pacific Standard Time)] "GET /polyfills-es2015.js" "Mozilla/5.0 (X11; Ubuntu; Linux x86_64; rv:70.0) Gecko/20100101 Firefox/70.0"
[Mon Nov 11 2019 09:51:27 GMT-0800 (Pacific Standard Time)] "GET /styles-es2015.js" "Mozilla/5.0 (X11; Ubuntu; Linux x86_64; rv:70.0) Gecko/20100101 Firefox/70.0"
[Mon Nov 11 2019 09:51:27 GMT-0800 (Pacific Standard Time)] "GET /main-es2015.js" "Mozilla/5.0 (X11; Ubuntu; Linux x86_64; rv:70.0) Gecko/20100101 Firefox/70.0"
[Mon Nov 11 2019 09:51:27 GMT-0800 (Pacific Standard Time)] "GET /runtime-es2015.js" "Mozilla/5.0 (X11; Ubuntu; Linux x86_64; rv:70.0) Gecko/20100101 Firefox/70.0"
[Mon Nov 11 2019 09:51:27 GMT-0800 (Pacific Standard Time)] "GET /vendor-es2015.js" "Mozilla/5.0 (X11; Ubuntu; Linux x86_64; rv:70.0) Gecko/20100101 Firefox/70.0"
[Mon Nov 11 2019 09:51:28 GMT-0800 (Pacific Standard Time)] "GET /assets/tilesets/global-tiles/tilemapresource.xml" "Mozilla/5.0 (X11; Ubuntu; Linux x86_64; rv:70.0) Gecko/20100101 Firefox/70.0"
[Mon Nov 11 2019 09:51:28 GMT-0800 (Pacific Standard Time)] "GET /assets/cesium/Assets/approximateTerrainHeights.json" "Mozilla/5.0 (X11; Ubuntu; Linux x86_64; rv:70.0) Gecko/20100101 Firefox/70.0"
[Mon Nov 11 2019 09:51:28 GMT-0800 (Pacific Standard Time)] "GET /assets/cesium/Widgets/Images/NavigationHelp/Mouse.svg" "Mozilla/5.0 (X11; Ubuntu; Linux x86_64; rv:70.0) Gecko/20100101 Firefox/70.0"
[Mon Nov 11 2019 09:51:28 GMT-0800 (Pacific Standard Time)] "GET /assets/cesium/Widgets/Images/NavigationHelp/Touch.svg" "Mozilla/5.0 (X11; Ubuntu; Linux x86_64; rv:70.0) Gecko/20100101 Firefox/70.0"
[Mon Nov 11 2019 09:51:28 GMT-0800 (Pacific Standard Time)] "GET /assets/cesium/Widgets/Images/NavigationHelp/MouseLeft.svg" "Mozilla/5.0 (X11; Ubuntu; Linux x86_64; rv:70.0) Gecko/20100101 Firefox/70.0"
[Mon Nov 11 2019 09:51:28 GMT-0800 (Pacific Standard Time)] "GET /assets/cesium/Widgets/Images/NavigationHelp/MouseRight.svg" "Mozilla/5.0 (X11; Ubuntu; Linux x86_64; rv:70.0) Gecko/20100101 Firefox/70.0"
[Mon Nov 11 2019 09:51:28 GMT-0800 (Pacific Standard Time)] "GET /assets/cesium/Widgets/Images/NavigationHelp/MouseMiddle.svg" "Mozilla/5.0 (X11; Ubuntu; Linux x86_64; rv:70.0) Gecko/20100101 Firefox/70.0"
[Mon Nov 11 2019 09:51:28 GMT-0800 (Pacific Standard Time)] "GET /assets/cesium/Widgets/Images/NavigationHelp/TouchDrag.svg" "Mozilla/5.0 (X11; Ubuntu; Linux x86_64; rv:70.0) Gecko/20100101 Firefox/70.0"
[Mon Nov 11 2019 09:51:28 GMT-0800 (Pacific Standard Time)] "GET /assets/cesium/Widgets/Images/NavigationHelp/TouchZoom.svg" "Mozilla/5.0 (X11; Ubuntu; Linux x86_64; rv:70.0) Gecko/20100101 Firefox/70.0"
[Mon Nov 11 2019 09:51:28 GMT-0800 (Pacific Standard Time)] "GET /assets/cesium/Widgets/Images/NavigationHelp/TouchTilt.svg" "Mozilla/5.0 (X11; Ubuntu; Linux x86_64; rv:70.0) Gecko/20100101 Firefox/70.0"
[Mon Nov 11 2019 09:51:28 GMT-0800 (Pacific Standard Time)] "GET /assets/cesium/Widgets/Images/NavigationHelp/TouchRotate.svg" "Mozilla/5.0 (X11; Ubuntu; Linux x86_64; rv:70.0) Gecko/20100101 Firefox/70.0"
[Mon Nov 11 2019 09:51:28 GMT-0800 (Pacific Standard Time)] "GET /assets/cesium/Assets/IAU2006_XYS/IAU2006_XYS_16.json" "Mozilla/5.0 (X11; Ubuntu; Linux x86_64; rv:70.0) Gecko/20100101 Firefox/70.0"
[Mon Nov 11 2019 09:51:29 GMT-0800 (Pacific Standard Time)] "GET /assets/tilesets/global-tiles/1/0/1.png" "Mozilla/5.0 (X11; Ubuntu; Linux x86_64; rv:70.0) Gecko/20100101 Firefox/70.0"
[Mon Nov 11 2019 09:51:29 GMT-0800 (Pacific Standard Time)] "GET /assets/tilesets/global-tiles/1/0/0.png" "Mozilla/5.0 (X11; Ubuntu; Linux x86_64; rv:70.0) Gecko/20100101 Firefox/70.0"
[Mon Nov 11 2019 09:51:29 GMT-0800 (Pacific Standard Time)] "GET /assets/tilesets/global-tiles/1/1/1.png" "Mozilla/5.0 (X11; Ubuntu; Linux x86_64; rv:70.0) Gecko/20100101 Firefox/70.0"
[Mon Nov 11 2019 09:51:29 GMT-0800 (Pacific Standard Time)] "GET /assets/tilesets/global-tiles/1/1/0.png" "Mozilla/5.0 (X11; Ubuntu; Linux x86_64; rv:70.0) Gecko/20100101 Firefox/70.0"
[Mon Nov 11 2019 09:51:30 GMT-0800 (Pacific Standard Time)] "GET /assets/tilesets/global-tiles/3/1/5.png" "Mozilla/5.0 (X11; Ubuntu; Linux x86_64; rv:70.0) Gecko/20100101 Firefox/70.0"
[Mon Nov 11 2019 09:51:30 GMT-0800 (Pacific Standard Time)] "GET /assets/tilesets/global-tiles/3/1/4.png" "Mozilla/5.0 (X11; Ubuntu; Linux x86_64; rv:70.0) Gecko/20100101 Firefox/70.0"
[Mon Nov 11 2019 09:51:31 GMT-0800 (Pacific Standard Time)] "GET /assets/tilesets/global-tiles/4/14/9.png" "Mozilla/5.0 (X11; Ubuntu; Linux x86_64; rv:70.0) Gecko/20100101 Firefox/70.0"
[Mon Nov 11 2019 09:51:31 GMT-0800 (Pacific Standard Time)] "GET /assets/tilesets/global-tiles/4/14/8.png" "Mozilla/5.0 (X11; Ubuntu; Linux x86_64; rv:70.0) Gecko/20100101 Firefox/70.0"
[Mon Nov 11 2019 09:51:31 GMT-0800 (Pacific Standard Time)] "GET /assets/tilesets/global-tiles/4/14/10.png" "Mozilla/5.0 (X11; Ubuntu; Linux x86_64; rv:70.0) Gecko/20100101 Firefox/70.0"
[Mon Nov 11 2019 09:51:32 GMT-0800 (Pacific Standard Time)] "GET /assets/tilesets/global-tiles/3/2/5.png" "Mozilla/5.0 (X11; Ubuntu; Linux x86_64; rv:70.0) Gecko/20100101 Firefox/70.0"
[Mon Nov 11 2019 09:51:32 GMT-0800 (Pacific Standard Time)] "GET /assets/tilesets/global-tiles/3/2/4.png" "Mozilla/5.0 (X11; Ubuntu; Linux x86_64; rv:70.0) Gecko/20100101 Firefox/70.0"
[Mon Nov 11 2019 09:51:32 GMT-0800 (Pacific Standard Time)] "GET /assets/tilesets/global-tiles/3/0/5.png" "Mozilla/5.0 (X11; Ubuntu; Linux x86_64; rv:70.0) Gecko/20100101 Firefox/70.0"
[Mon Nov 11 2019 09:51:32 GMT-0800 (Pacific Standard Time)] "GET /assets/tilesets/global-tiles/3/0/4.png" "Mozilla/5.0 (X11; Ubuntu; Linux x86_64; rv:70.0) Gecko/20100101 Firefox/70.0"
[Mon Nov 11 2019 09:51:32 GMT-0800 (Pacific Standard Time)] "GET /assets/tilesets/global-tiles/4/14/7.png" "Mozilla/5.0 (X11; Ubuntu; Linux x86_64; rv:70.0) Gecko/20100101 Firefox/70.0"
[Mon Nov 11 2019 09:51:32 GMT-0800 (Pacific Standard Time)] "GET /assets/tilesets/global-tiles/4/14/6.png" "Mozilla/5.0 (X11; Ubuntu; Linux x86_64; rv:70.0) Gecko/20100101 Firefox/70.0"
[Mon Nov 11 2019 09:51:33 GMT-0800 (Pacific Standard Time)] "GET /assets/tilesets/global-tiles/4/14/12.png" "Mozilla/5.0 (X11; Ubuntu; Linux x86_64; rv:70.0) Gecko/20100101 Firefox/70.0"
[Mon Nov 11 2019 09:51:33 GMT-0800 (Pacific Standard Time)] "GET /assets/tilesets/global-tiles/4/14/11.png" "Mozilla/5.0 (X11; Ubuntu; Linux x86_64; rv:70.0) Gecko/20100101 Firefox/70.0"
[Mon Nov 11 2019 09:51:33 GMT-0800 (Pacific Standard Time)] "GET /assets/tilesets/global-tiles/4/15/9.png" "Mozilla/5.0 (X11; Ubuntu; Linux x86_64; rv:70.0) Gecko/20100101 Firefox/70.0"
[Mon Nov 11 2019 09:51:33 GMT-0800 (Pacific Standard Time)] "GET /assets/tilesets/global-tiles/4/15/8.png" "Mozilla/5.0 (X11; Ubuntu; Linux x86_64; rv:70.0) Gecko/20100101 Firefox/70.0"
[Mon Nov 11 2019 09:51:33 GMT-0800 (Pacific Standard Time)] "GET /assets/tilesets/global-tiles/4/15/10.png" "Mozilla/5.0 (X11; Ubuntu; Linux x86_64; rv:70.0) Gecko/20100101 Firefox/70.0"
[Mon Nov 11 2019 09:51:34 GMT-0800 (Pacific Standard Time)] "GET /assets/tilesets/global-tiles/3/1/3.png" "Mozilla/5.0 (X11; Ubuntu; Linux x86_64; rv:70.0) Gecko/20100101 Firefox/70.0"
[Mon Nov 11 2019 09:51:34 GMT-0800 (Pacific Standard Time)] "GET /assets/tilesets/global-tiles/3/1/2.png" "Mozilla/5.0 (X11; Ubuntu; Linux x86_64; rv:70.0) Gecko/20100101 Firefox/70.0"
[Mon Nov 11 2019 09:51:34 GMT-0800 (Pacific Standard Time)] "GET /assets/tilesets/global-tiles/3/1/7.png" "Mozilla/5.0 (X11; Ubuntu; Linux x86_64; rv:70.0) Gecko/20100101 Firefox/70.0"
[Mon Nov 11 2019 09:51:34 GMT-0800 (Pacific Standard Time)] "GET /assets/tilesets/global-tiles/3/1/6.png" "Mozilla/5.0 (X11; Ubuntu; Linux x86_64; rv:70.0) Gecko/20100101 Firefox/70.0"
[Mon Nov 11 2019 09:51:34 GMT-0800 (Pacific Standard Time)] "GET /assets/tilesets/global-tiles/4/15/7.png" "Mozilla/5.0 (X11; Ubuntu; Linux x86_64; rv:70.0) Gecko/20100101 Firefox/70.0"
[Mon Nov 11 2019 09:51:34 GMT-0800 (Pacific Standard Time)] "GET /assets/tilesets/global-tiles/4/15/6.png" "Mozilla/5.0 (X11; Ubuntu; Linux x86_64; rv:70.0) Gecko/20100101 Firefox/70.0"
[Mon Nov 11 2019 09:51:35 GMT-0800 (Pacific Standard Time)] "GET /assets/tilesets/global-tiles/3/0/3.png" "Mozilla/5.0 (X11; Ubuntu; Linux x86_64; rv:70.0) Gecko/20100101 Firefox/70.0"
[Mon Nov 11 2019 09:51:35 GMT-0800 (Pacific Standard Time)] "GET /assets/tilesets/global-tiles/3/0/2.png" "Mozilla/5.0 (X11; Ubuntu; Linux x86_64; rv:70.0) Gecko/20100101 Firefox/70.0"
[Mon Nov 11 2019 09:51:35 GMT-0800 (Pacific Standard Time)] "GET /assets/tilesets/global-tiles/4/15/12.png" "Mozilla/5.0 (X11; Ubuntu; Linux x86_64; rv:70.0) Gecko/20100101 Firefox/70.0"
[Mon Nov 11 2019 09:51:35 GMT-0800 (Pacific Standard Time)] "GET /assets/tilesets/global-tiles/4/15/11.png" "Mozilla/5.0 (X11; Ubuntu; Linux x86_64; rv:70.0) Gecko/20100101 Firefox/70.0"
[Mon Nov 11 2019 09:51:36 GMT-0800 (Pacific Standard Time)] "GET /assets/tilesets/global-tiles/3/0/7.png" "Mozilla/5.0 (X11; Ubuntu; Linux x86_64; rv:70.0) Gecko/20100101 Firefox/70.0"
[Mon Nov 11 2019 09:51:36 GMT-0800 (Pacific Standard Time)] "GET /assets/tilesets/global-tiles/3/0/6.png" "Mozilla/5.0 (X11; Ubuntu; Linux x86_64; rv:70.0) Gecko/20100101 Firefox/70.0"
[Mon Nov 11 2019 09:51:36 GMT-0800 (Pacific Standard Time)] "GET /assets/tilesets/global-tiles/3/2/7.png" "Mozilla/5.0 (X11; Ubuntu; Linux x86_64; rv:70.0) Gecko/20100101 Firefox/70.0"
[Mon Nov 11 2019 09:51:36 GMT-0800 (Pacific Standard Time)] "GET /assets/tilesets/global-tiles/3/2/6.png" "Mozilla/5.0 (X11; Ubuntu; Linux x86_64; rv:70.0) Gecko/20100101 Firefox/70.0"
[Mon Nov 11 2019 09:51:36 GMT-0800 (Pacific Standard Time)] "GET /assets/tilesets/global-tiles/4/14/5.png" "Mozilla/5.0 (X11; Ubuntu; Linux x86_64; rv:70.0) Gecko/20100101 Firefox/70.0"
[Mon Nov 11 2019 09:51:37 GMT-0800 (Pacific Standard Time)] "GET /assets/tilesets/global-tiles/2/2/3.png" "Mozilla/5.0 (X11; Ubuntu; Linux x86_64; rv:70.0) Gecko/20100101 Firefox/70.0"
[Mon Nov 11 2019 09:51:37 GMT-0800 (Pacific Standard Time)] "GET /assets/tilesets/global-tiles/2/2/2.png" "Mozilla/5.0 (X11; Ubuntu; Linux x86_64; rv:70.0) Gecko/20100101 Firefox/70.0"
[Mon Nov 11 2019 09:51:37 GMT-0800 (Pacific Standard Time)] "GET /assets/tilesets/global-tiles/3/7/7.png" "Mozilla/5.0 (X11; Ubuntu; Linux x86_64; rv:70.0) Gecko/20100101 Firefox/70.0"
[Mon Nov 11 2019 09:51:37 GMT-0800 (Pacific Standard Time)] "GET /assets/tilesets/global-tiles/3/7/6.png" "Mozilla/5.0 (X11; Ubuntu; Linux x86_64; rv:70.0) Gecko/20100101 Firefox/70.0"
[Mon Nov 11 2019 09:51:37 GMT-0800 (Pacific Standard Time)] "GET /assets/tilesets/global-tiles/3/2/3.png" "Mozilla/5.0 (X11; Ubuntu; Linux x86_64; rv:70.0) Gecko/20100101 Firefox/70.0"
[Mon Nov 11 2019 09:51:37 GMT-0800 (Pacific Standard Time)] "GET /assets/tilesets/global-tiles/3/2/2.png" "Mozilla/5.0 (X11; Ubuntu; Linux x86_64; rv:70.0) Gecko/20100101 Firefox/70.0"
[Mon Nov 11 2019 09:51:38 GMT-0800 (Pacific Standard Time)] "GET /assets/tilesets/global-tiles/4/15/5.png" "Mozilla/5.0 (X11; Ubuntu; Linux x86_64; rv:70.0) Gecko/20100101 Firefox/70.0"
[Mon Nov 11 2019 09:51:38 GMT-0800 (Pacific Standard Time)] "GET /assets/tilesets/global-tiles/3/3/7.png" "Mozilla/5.0 (X11; Ubuntu; Linux x86_64; rv:70.0) Gecko/20100101 Firefox/70.0"
[Mon Nov 11 2019 09:51:38 GMT-0800 (Pacific Standard Time)] "GET /assets/tilesets/global-tiles/3/3/6.png" "Mozilla/5.0 (X11; Ubuntu; Linux x86_64; rv:70.0) Gecko/20100101 Firefox/70.0"
[Mon Nov 11 2019 09:51:38 GMT-0800 (Pacific Standard Time)] "GET /assets/tilesets/global-tiles/3/3/5.png" "Mozilla/5.0 (X11; Ubuntu; Linux x86_64; rv:70.0) Gecko/20100101 Firefox/70.0"
[Mon Nov 11 2019 09:51:39 GMT-0800 (Pacific Standard Time)] "GET /assets/tilesets/global-tiles/3/3/4.png" "Mozilla/5.0 (X11; Ubuntu; Linux x86_64; rv:70.0) Gecko/20100101 Firefox/70.0"
[Mon Nov 11 2019 09:51:41 GMT-0800 (Pacific Standard Time)] "GET /assets/tilesets/global-tiles/5/2/17.png" "Mozilla/5.0 (X11; Ubuntu; Linux x86_64; rv:70.0) Gecko/20100101 Firefox/70.0"
[Mon Nov 11 2019 09:51:41 GMT-0800 (Pacific Standard Time)] "GET /assets/tilesets/global-tiles/5/2/18.png" "Mozilla/5.0 (X11; Ubuntu; Linux x86_64; rv:70.0) Gecko/20100101 Firefox/70.0"
[Mon Nov 11 2019 09:51:42 GMT-0800 (Pacific Standard Time)] "GET /assets/tilesets/global-tiles/5/1/17.png" "Mozilla/5.0 (X11; Ubuntu; Linux x86_64; rv:70.0) Gecko/20100101 Firefox/70.0"
[Mon Nov 11 2019 09:51:43 GMT-0800 (Pacific Standard Time)] "GET /assets/tilesets/global-tiles/5/1/18.png" "Mozilla/5.0 (X11; Ubuntu; Linux x86_64; rv:70.0) Gecko/20100101 Firefox/70.0"
[Mon Nov 11 2019 09:51:43 GMT-0800 (Pacific Standard Time)] "GET /assets/tilesets/global-tiles/4/1/9.png" "Mozilla/5.0 (X11; Ubuntu; Linux x86_64; rv:70.0) Gecko/20100101 Firefox/70.0"
[Mon Nov 11 2019 09:51:43 GMT-0800 (Pacific Standard Time)] "GET /assets/tilesets/global-tiles/4/1/8.png" "Mozilla/5.0 (X11; Ubuntu; Linux x86_64; rv:70.0) Gecko/20100101 Firefox/70.0"
[Mon Nov 11 2019 09:51:43 GMT-0800 (Pacific Standard Time)] "GET /assets/tilesets/global-tiles/4/1/10.png" "Mozilla/5.0 (X11; Ubuntu; Linux x86_64; rv:70.0) Gecko/20100101 Firefox/70.0"
[Mon Nov 11 2019 09:51:44 GMT-0800 (Pacific Standard Time)] "GET /assets/tilesets/global-tiles/2/0/3.png" "Mozilla/5.0 (X11; Ubuntu; Linux x86_64; rv:70.0) Gecko/20100101 Firefox/70.0"
[Mon Nov 11 2019 09:51:44 GMT-0800 (Pacific Standard Time)] "GET /assets/tilesets/global-tiles/2/0/2.png" "Mozilla/5.0 (X11; Ubuntu; Linux x86_64; rv:70.0) Gecko/20100101 Firefox/70.0"
[Mon Nov 11 2019 09:51:44 GMT-0800 (Pacific Standard Time)] "GET /assets/tilesets/global-tiles/5/2/19.png" "Mozilla/5.0 (X11; Ubuntu; Linux x86_64; rv:70.0) Gecko/20100101 Firefox/70.0"
[Mon Nov 11 2019 09:51:45 GMT-0800 (Pacific Standard Time)] "GET /assets/tilesets/global-tiles/4/0/9.png" "Mozilla/5.0 (X11; Ubuntu; Linux x86_64; rv:70.0) Gecko/20100101 Firefox/70.0"
[Mon Nov 11 2019 09:51:45 GMT-0800 (Pacific Standard Time)] "GET /assets/tilesets/global-tiles/4/0/8.png" "Mozilla/5.0 (X11; Ubuntu; Linux x86_64; rv:70.0) Gecko/20100101 Firefox/70.0"
[Mon Nov 11 2019 09:51:45 GMT-0800 (Pacific Standard Time)] "GET /assets/tilesets/global-tiles/5/1/19.png" "Mozilla/5.0 (X11; Ubuntu; Linux x86_64; rv:70.0) Gecko/20100101 Firefox/70.0"
[Mon Nov 11 2019 09:51:45 GMT-0800 (Pacific Standard Time)] "GET /assets/tilesets/global-tiles/4/0/10.png" "Mozilla/5.0 (X11; Ubuntu; Linux x86_64; rv:70.0) Gecko/20100101 Firefox/70.0"
[Mon Nov 11 2019 09:52:08 GMT-0800 (Pacific Standard Time)] "GET /assets/cesium/Assets/Textures/SkyBox/tycho2t3_80_px.jpg" "Mozilla/5.0 (X11; Ubuntu; Linux x86_64; rv:70.0) Gecko/20100101 Firefox/70.0"
[Mon Nov 11 2019 09:52:08 GMT-0800 (Pacific Standard Time)] "GET /assets/cesium/Assets/Textures/SkyBox/tycho2t3_80_mx.jpg" "Mozilla/5.0 (X11; Ubuntu; Linux x86_64; rv:70.0) Gecko/20100101 Firefox/70.0"
[Mon Nov 11 2019 09:52:08 GMT-0800 (Pacific Standard Time)] "GET /assets/cesium/Assets/Textures/SkyBox/tycho2t3_80_py.jpg" "Mozilla/5.0 (X11; Ubuntu; Linux x86_64; rv:70.0) Gecko/20100101 Firefox/70.0"
[Mon Nov 11 2019 09:52:08 GMT-0800 (Pacific Standard Time)] "GET /assets/cesium/Assets/Textures/SkyBox/tycho2t3_80_my.jpg" "Mozilla/5.0 (X11; Ubuntu; Linux x86_64; rv:70.0) Gecko/20100101 Firefox/70.0"
[Mon Nov 11 2019 09:52:08 GMT-0800 (Pacific Standard Time)] "GET /assets/cesium/Assets/Textures/SkyBox/tycho2t3_80_pz.jpg" "Mozilla/5.0 (X11; Ubuntu; Linux x86_64; rv:70.0) Gecko/20100101 Firefox/70.0"
[Mon Nov 11 2019 09:52:08 GMT-0800 (Pacific Standard Time)] "GET /assets/cesium/Assets/Textures/SkyBox/tycho2t3_80_mz.jpg" "Mozilla/5.0 (X11; Ubuntu; Linux x86_64; rv:70.0) Gecko/20100101 Firefox/70.0"
[Mon Nov 11 2019 09:52:10 GMT-0800 (Pacific Standard Time)] "GET /assets/cesium/Assets/Textures/moonSmall.jpg" "Mozilla/5.0 (X11; Ubuntu; Linux x86_64; rv:70.0) Gecko/20100101 Firefox/70.0"
[Mon Nov 11 2019 09:52:10 GMT-0800 (Pacific Standard Time)] "GET /assets/tilesets/global-tiles/2/0/1.png" "Mozilla/5.0 (X11; Ubuntu; Linux x86_64; rv:70.0) Gecko/20100101 Firefox/70.0"
[Mon Nov 11 2019 09:52:10 GMT-0800 (Pacific Standard Time)] "GET /assets/tilesets/global-tiles/2/0/0.png" "Mozilla/5.0 (X11; Ubuntu; Linux x86_64; rv:70.0) Gecko/20100101 Firefox/70.0"
[Mon Nov 11 2019 09:52:10 GMT-0800 (Pacific Standard Time)] "GET /assets/tilesets/global-tiles/2/3/3.png" "Mozilla/5.0 (X11; Ubuntu; Linux x86_64; rv:70.0) Gecko/20100101 Firefox/70.0"
[Mon Nov 11 2019 09:52:11 GMT-0800 (Pacific Standard Time)] "GET /assets/tilesets/global-tiles/3/3/3.png" "Mozilla/5.0 (X11; Ubuntu; Linux x86_64; rv:70.0) Gecko/20100101 Firefox/70.0"
[Mon Nov 11 2019 09:52:11 GMT-0800 (Pacific Standard Time)] "GET /assets/tilesets/global-tiles/3/3/2.png" "Mozilla/5.0 (X11; Ubuntu; Linux x86_64; rv:70.0) Gecko/20100101 Firefox/70.0"
[Mon Nov 11 2019 09:52:11 GMT-0800 (Pacific Standard Time)] "GET /assets/tilesets/global-tiles/3/4/5.png" "Mozilla/5.0 (X11; Ubuntu; Linux x86_64; rv:70.0) Gecko/20100101 Firefox/70.0"
[Mon Nov 11 2019 09:52:11 GMT-0800 (Pacific Standard Time)] "GET /assets/tilesets/global-tiles/3/4/4.png" "Mozilla/5.0 (X11; Ubuntu; Linux x86_64; rv:70.0) Gecko/20100101 Firefox/70.0"
[Mon Nov 11 2019 09:52:11 GMT-0800 (Pacific Standard Time)] "GET /assets/tilesets/global-tiles/3/4/3.png" "Mozilla/5.0 (X11; Ubuntu; Linux x86_64; rv:70.0) Gecko/20100101 Firefox/70.0"
[Mon Nov 11 2019 09:52:11 GMT-0800 (Pacific Standard Time)] "GET /assets/tilesets/global-tiles/3/4/2.png" "Mozilla/5.0 (X11; Ubuntu; Linux x86_64; rv:70.0) Gecko/20100101 Firefox/70.0"
[Mon Nov 11 2019 09:52:11 GMT-0800 (Pacific Standard Time)] "GET /assets/tilesets/global-tiles/2/3/2.png" "Mozilla/5.0 (X11; Ubuntu; Linux x86_64; rv:70.0) Gecko/20100101 Firefox/70.0"
[Mon Nov 11 2019 09:52:11 GMT-0800 (Pacific Standard Time)] "GET /assets/tilesets/global-tiles/2/3/1.png" "Mozilla/5.0 (X11; Ubuntu; Linux x86_64; rv:70.0) Gecko/20100101 Firefox/70.0"
[Mon Nov 11 2019 09:52:11 GMT-0800 (Pacific Standard Time)] "GET /assets/tilesets/global-tiles/2/3/0.png" "Mozilla/5.0 (X11; Ubuntu; Linux x86_64; rv:70.0) Gecko/20100101 Firefox/70.0"
[Mon Nov 11 2019 09:52:12 GMT-0800 (Pacific Standard Time)] "GET /assets/tilesets/global-tiles/2/1/1.png" "Mozilla/5.0 (X11; Ubuntu; Linux x86_64; rv:70.0) Gecko/20100101 Firefox/70.0"
[Mon Nov 11 2019 09:52:12 GMT-0800 (Pacific Standard Time)] "GET /assets/tilesets/global-tiles/2/1/0.png" "Mozilla/5.0 (X11; Ubuntu; Linux x86_64; rv:70.0) Gecko/20100101 Firefox/70.0"
[Mon Nov 11 2019 09:52:13 GMT-0800 (Pacific Standard Time)] "GET /assets/tilesets/global-tiles/4/5/3.png" "Mozilla/5.0 (X11; Ubuntu; Linux x86_64; rv:70.0) Gecko/20100101 Firefox/70.0"
[Mon Nov 11 2019 09:52:13 GMT-0800 (Pacific Standard Time)] "GET /assets/tilesets/global-tiles/4/5/2.png" "Mozilla/5.0 (X11; Ubuntu; Linux x86_64; rv:70.0) Gecko/20100101 Firefox/70.0"
[Mon Nov 11 2019 09:52:13 GMT-0800 (Pacific Standard Time)] "GET /assets/tilesets/global-tiles/4/4/3.png" "Mozilla/5.0 (X11; Ubuntu; Linux x86_64; rv:70.0) Gecko/20100101 Firefox/70.0"
[Mon Nov 11 2019 09:52:13 GMT-0800 (Pacific Standard Time)] "GET /assets/tilesets/global-tiles/4/4/2.png" "Mozilla/5.0 (X11; Ubuntu; Linux x86_64; rv:70.0) Gecko/20100101 Firefox/70.0"
[Mon Nov 11 2019 09:52:13 GMT-0800 (Pacific Standard Time)] "GET /assets/tilesets/global-tiles/4/5/4.png" "Mozilla/5.0 (X11; Ubuntu; Linux x86_64; rv:70.0) Gecko/20100101 Firefox/70.0"
[Mon Nov 11 2019 09:52:13 GMT-0800 (Pacific Standard Time)] "GET /assets/tilesets/global-tiles/4/4/4.png" "Mozilla/5.0 (X11; Ubuntu; Linux x86_64; rv:70.0) Gecko/20100101 Firefox/70.0"
[Mon Nov 11 2019 09:52:13 GMT-0800 (Pacific Standard Time)] "GET /assets/tilesets/global-tiles/4/6/3.png" "Mozilla/5.0 (X11; Ubuntu; Linux x86_64; rv:70.0) Gecko/20100101 Firefox/70.0"
[Mon Nov 11 2019 09:52:13 GMT-0800 (Pacific Standard Time)] "GET /assets/tilesets/global-tiles/4/6/2.png" "Mozilla/5.0 (X11; Ubuntu; Linux x86_64; rv:70.0) Gecko/20100101 Firefox/70.0"
[Mon Nov 11 2019 09:52:14 GMT-0800 (Pacific Standard Time)] "GET /assets/tilesets/global-tiles/4/3/3.png" "Mozilla/5.0 (X11; Ubuntu; Linux x86_64; rv:70.0) Gecko/20100101 Firefox/70.0"
[Mon Nov 11 2019 09:52:14 GMT-0800 (Pacific Standard Time)] "GET /assets/tilesets/global-tiles/4/3/2.png" "Mozilla/5.0 (X11; Ubuntu; Linux x86_64; rv:70.0) Gecko/20100101 Firefox/70.0"
[Mon Nov 11 2019 09:52:14 GMT-0800 (Pacific Standard Time)] "GET /assets/tilesets/global-tiles/4/6/4.png" "Mozilla/5.0 (X11; Ubuntu; Linux x86_64; rv:70.0) Gecko/20100101 Firefox/70.0"
[Mon Nov 11 2019 09:52:14 GMT-0800 (Pacific Standard Time)] "GET /assets/tilesets/global-tiles/3/2/1.png" "Mozilla/5.0 (X11; Ubuntu; Linux x86_64; rv:70.0) Gecko/20100101 Firefox/70.0"
[Mon Nov 11 2019 09:52:14 GMT-0800 (Pacific Standard Time)] "GET /assets/tilesets/global-tiles/3/2/0.png" "Mozilla/5.0 (X11; Ubuntu; Linux x86_64; rv:70.0) Gecko/20100101 Firefox/70.0"
[Mon Nov 11 2019 09:52:15 GMT-0800 (Pacific Standard Time)] "GET /assets/tilesets/global-tiles/4/3/4.png" "Mozilla/5.0 (X11; Ubuntu; Linux x86_64; rv:70.0) Gecko/20100101 Firefox/70.0"
[Mon Nov 11 2019 09:52:15 GMT-0800 (Pacific Standard Time)] "GET /assets/tilesets/global-tiles/3/3/1.png" "Mozilla/5.0 (X11; Ubuntu; Linux x86_64; rv:70.0) Gecko/20100101 Firefox/70.0"
[Mon Nov 11 2019 09:52:15 GMT-0800 (Pacific Standard Time)] "GET /assets/tilesets/global-tiles/3/3/0.png" "Mozilla/5.0 (X11; Ubuntu; Linux x86_64; rv:70.0) Gecko/20100101 Firefox/70.0"
[Mon Nov 11 2019 09:52:16 GMT-0800 (Pacific Standard Time)] "GET /assets/tilesets/global-tiles/5/2/16.png" "Mozilla/5.0 (X11; Ubuntu; Linux x86_64; rv:70.0) Gecko/20100101 Firefox/70.0"
[Mon Nov 11 2019 09:52:17 GMT-0800 (Pacific Standard Time)] "GET /assets/tilesets/global-tiles/5/1/16.png" "Mozilla/5.0 (X11; Ubuntu; Linux x86_64; rv:70.0) Gecko/20100101 Firefox/70.0"
[Mon Nov 11 2019 09:52:17 GMT-0800 (Pacific Standard Time)] "GET /assets/tilesets/global-tiles/5/3/18.png" "Mozilla/5.0 (X11; Ubuntu; Linux x86_64; rv:70.0) Gecko/20100101 Firefox/70.0"
[Mon Nov 11 2019 09:52:17 GMT-0800 (Pacific Standard Time)] "GET /assets/tilesets/global-tiles/5/3/17.png" "Mozilla/5.0 (X11; Ubuntu; Linux x86_64; rv:70.0) Gecko/20100101 Firefox/70.0"
[Mon Nov 11 2019 09:52:18 GMT-0800 (Pacific Standard Time)] "GET /assets/tilesets/global-tiles/5/0/18.png" "Mozilla/5.0 (X11; Ubuntu; Linux x86_64; rv:70.0) Gecko/20100101 Firefox/70.0"
[Mon Nov 11 2019 09:52:18 GMT-0800 (Pacific Standard Time)] "GET /assets/tilesets/global-tiles/5/0/17.png" "Mozilla/5.0 (X11; Ubuntu; Linux x86_64; rv:70.0) Gecko/20100101 Firefox/70.0"
[Mon Nov 11 2019 11:04:43 GMT-0800 (Pacific Standard Time)] "GET /assets/tilesets/global-tiles/5/1/19.png" "Mozilla/5.0 (X11; Ubuntu; Linux x86_64; rv:70.0) Gecko/20100101 Firefox/70.0"
[Mon Nov 11 2019 11:17:47 GMT-0800 (Pacific Standard Time)] "GET /assets/tilesets/global-tiles/5/2/19.png" "Mozilla/5.0 (X11; Ubuntu; Linux x86_64; rv:70.0) Gecko/20100101 Firefox/70.0"
[Mon Nov 11 2019 11:17:47 GMT-0800 (Pacific Standard Time)] "GET /assets/tilesets/global-tiles/5/1/19.png" "Mozilla/5.0 (X11; Ubuntu; Linux x86_64; rv:70.0) Gecko/20100101 Firefox/70.0"
[Mon Nov 11 2019 11:22:48 GMT-0800 (Pacific Standard Time)] "GET /assets/tilesets/global-tiles/5/2/19.png" "Mozilla/5.0 (X11; Ubuntu; Linux x86_64; rv:70.0) Gecko/20100101 Firefox/70.0"
[Mon Nov 11 2019 11:23:55 GMT-0800 (Pacific Standard Time)] "GET /assets/tilesets/global-tiles/5/1/19.png" "Mozilla/5.0 (X11; Ubuntu; Linux x86_64; rv:70.0) Gecko/20100101 Firefox/70.0"
[Mon Nov 11 2019 11:26:18 GMT-0800 (Pacific Standard Time)] "GET /assets/tilesets/global-tiles/5/2/19.png" "Mozilla/5.0 (X11; Ubuntu; Linux x86_64; rv:70.0) Gecko/20100101 Firefox/70.0"
[Mon Nov 11 2019 11:27:59 GMT-0800 (Pacific Standard Time)] "GET /assets/tilesets/global-tiles/5/1/19.png" "Mozilla/5.0 (X11; Ubuntu; Linux x86_64; rv:70.0) Gecko/20100101 Firefox/70.0"
[Mon Nov 11 2019 11:28:02 GMT-0800 (Pacific Standard Time)] "GET /assets/tilesets/global-tiles/5/2/19.png" "Mozilla/5.0 (X11; Ubuntu; Linux x86_64; rv:70.0) Gecko/20100101 Firefox/70.0"
[Mon Nov 11 2019 11:33:44 GMT-0800 (Pacific Standard Time)] "GET /assets/tilesets/global-tiles/5/1/19.png" "Mozilla/5.0 (X11; Ubuntu; Linux x86_64; rv:70.0) Gecko/20100101 Firefox/70.0"
[Mon Nov 11 2019 11:33:45 GMT-0800 (Pacific Standard Time)] "GET /assets/tilesets/global-tiles/5/2/19.png" "Mozilla/5.0 (X11; Ubuntu; Linux x86_64; rv:70.0) Gecko/20100101 Firefox/70.0"
[Mon Nov 11 2019 11:46:06 GMT-0800 (Pacific Standard Time)] "GET /assets/tilesets/global-tiles/5/2/19.png" "Mozilla/5.0 (X11; Ubuntu; Linux x86_64; rv:70.0) Gecko/20100101 Firefox/70.0"
[Mon Nov 11 2019 11:46:09 GMT-0800 (Pacific Standard Time)] "GET /assets/tilesets/global-tiles/5/1/19.png" "Mozilla/5.0 (X11; Ubuntu; Linux x86_64; rv:70.0) Gecko/20100101 Firefox/70.0"
[Mon Nov 11 2019 11:54:52 GMT-0800 (Pacific Standard Time)] "GET /assets/tilesets/global-tiles/5/1/19.png" "Mozilla/5.0 (X11; Ubuntu; Linux x86_64; rv:70.0) Gecko/20100101 Firefox/70.0"
[Mon Nov 11 2019 13:01:04 GMT-0800 (Pacific Standard Time)] "GET /assets/tilesets/global-tiles/5/2/19.png" "Mozilla/5.0 (X11; Ubuntu; Linux x86_64; rv:70.0) Gecko/20100101 Firefox/70.0"
[Mon Nov 11 2019 14:19:02 GMT-0800 (Pacific Standard Time)] "GET /assets/tilesets/global-tiles/5/1/19.png" "Mozilla/5.0 (X11; Ubuntu; Linux x86_64; rv:70.0) Gecko/20100101 Firefox/70.0"
[Mon Nov 11 2019 14:26:54 GMT-0800 (Pacific Standard Time)] "GET /assets/tilesets/global-tiles/5/1/19.png" "Mozilla/5.0 (X11; Ubuntu; Linux x86_64; rv:70.0) Gecko/20100101 Firefox/70.0"
[Mon Nov 11 2019 14:26:58 GMT-0800 (Pacific Standard Time)] "GET /assets/tilesets/global-tiles/5/2/19.png" "Mozilla/5.0 (X11; Ubuntu; Linux x86_64; rv:70.0) Gecko/20100101 Firefox/70.0"
[Mon Nov 11 2019 15:05:04 GMT-0800 (Pacific Standard Time)] "GET /assets/tilesets/global-tiles/5/1/19.png" "Mozilla/5.0 (X11; Ubuntu; Linux x86_64; rv:70.0) Gecko/20100101 Firefox/70.0"
[Mon Nov 11 2019 15:05:10 GMT-0800 (Pacific Standard Time)] "GET /assets/tilesets/global-tiles/5/2/19.png" "Mozilla/5.0 (X11; Ubuntu; Linux x86_64; rv:70.0) Gecko/20100101 Firefox/70.0"
[Mon Nov 11 2019 16:02:19 GMT-0800 (Pacific Standard Time)] "GET /assets/tilesets/global-tiles/5/2/19.png" "Mozilla/5.0 (X11; Ubuntu; Linux x86_64; rv:70.0) Gecko/20100101 Firefox/70.0"
[Mon Nov 11 2019 16:30:56 GMT-0800 (Pacific Standard Time)] "GET /assets/tilesets/global-tiles/5/1/19.png" "Mozilla/5.0 (X11; Ubuntu; Linux x86_64; rv:70.0) Gecko/20100101 Firefox/70.0"
[Mon Nov 11 2019 16:47:49 GMT-0800 (Pacific Standard Time)] "GET /assets/tilesets/global-tiles/5/1/19.png" "Mozilla/5.0 (X11; Ubuntu; Linux x86_64; rv:70.0) Gecko/20100101 Firefox/70.0"
[Tue Nov 12 2019 09:41:38 GMT-0800 (Pacific Standard Time)] "GET /assets/tilesets/global-tiles/5/2/19.png" "Mozilla/5.0 (X11; Ubuntu; Linux x86_64; rv:70.0) Gecko/20100101 Firefox/70.0"
[Tue Nov 12 2019 10:43:29 GMT-0800 (Pacific Standard Time)] "GET /assets/tilesets/global-tiles/5/2/19.png" "Mozilla/5.0 (X11; Ubuntu; Linux x86_64; rv:70.0) Gecko/20100101 Firefox/70.0"
[Tue Nov 12 2019 10:43:29 GMT-0800 (Pacific Standard Time)] "GET /assets/tilesets/global-tiles/5/1/19.png" "Mozilla/5.0 (X11; Ubuntu; Linux x86_64; rv:70.0) Gecko/20100101 Firefox/70.0"
[Tue Nov 12 2019 13:44:24 GMT-0800 (Pacific Standard Time)] "GET /assets/tilesets/global-tiles/5/1/19.png" "Mozilla/5.0 (X11; Ubuntu; Linux x86_64; rv:70.0) Gecko/20100101 Firefox/70.0"
http-server stopped.
